[debug] [2022-01-07T19:03:43.080Z] ----------------------------------------------------------------------
[debug] [2022-01-07T19:03:43.081Z] Command:       C:\Program Files\nodejs\node.exe C:\Users\tchi0\AppData\Roaming\npm\node_modules\firebase-tools\lib\bin\firebase.js deploy --only hosting
[debug] [2022-01-07T19:03:43.082Z] CLI Version:   9.12.1
[debug] [2022-01-07T19:03:43.082Z] Platform:      win32
[debug] [2022-01-07T19:03:43.082Z] Node Version:  v16.13.1
[debug] [2022-01-07T19:03:43.083Z] Time:          Sat Jan 08 2022 04:03:43 GMT+0900 (GMT+09:00)
[debug] [2022-01-07T19:03:43.083Z] ----------------------------------------------------------------------
[debug] 
[debug] [2022-01-07T19:03:43.089Z] > command requires scopes: ["email","openid","https://www.googleapis.com/auth/cloudplatformprojects.readonly","https://www.googleapis.com/auth/firebase","https://www.googleapis.com/auth/cloud-platform"]
[debug] [2022-01-07T19:03:43.089Z] > authorizing via signed-in user (conneqtu@gmail.com)
[debug] [2022-01-07T19:03:43.089Z] [iam] checking project gls-conneqt-hey-beta-001 for permissions ["firebase.projects.get","firebasehosting.sites.update"]
[debug] [2022-01-07T19:03:43.091Z] > refreshing access token with scopes: ["email","https://www.googleapis.com/auth/cloud-platform","https://www.googleapis.com/auth/cloudplatformprojects.readonly","https://www.googleapis.com/auth/firebase","openid"]
[debug] [2022-01-07T19:03:43.092Z] >>> HTTP REQUEST POST https://www.googleapis.com/oauth2/v3/token  
 <request body omitted>
[debug] [2022-01-07T19:03:43.249Z] <<< HTTP RESPONSE 200 {"date":"Fri, 07 Jan 2022 19:03:40 GMT","expires":"Mon, 01 Jan 1990 00:00:00 GMT","cache-control":"no-cache, no-store, max-age=0, must-revalidate","pragma":"no-cache","content-type":"application/json; charset=utf-8","vary":"X-Origin, Referer, Origin,Accept-Encoding","server":"scaffolding on HTTPServer2","x-xss-protection":"0","x-frame-options":"SAMEORIGIN","x-content-type-options":"nosniff","alt-svc":"h3=\":443\"; ma=2592000,h3-29=\":443\"; ma=2592000,h3-Q050=\":443\"; ma=2592000,h3-Q046=\":443\"; ma=2592000,h3-Q043=\":443\"; ma=2592000,quic=\":443\"; ma=2592000; v=\"46,43\"","accept-ranges":"none","transfer-encoding":"chunked"}
[debug] [2022-01-07T19:03:43.260Z] >>> HTTP REQUEST POST https://cloudresourcemanager.googleapis.com/v1/projects/gls-conneqt-hey-beta-001:testIamPermissions  
 {"permissions":["firebase.projects.get","firebasehosting.sites.update"]}
[debug] [2022-01-07T19:03:43.915Z] <<< HTTP RESPONSE 200 {"content-type":"application/json; charset=UTF-8","vary":"X-Origin, Referer, Origin,Accept-Encoding","date":"Fri, 07 Jan 2022 19:03:41 GMT","server":"ESF","cache-control":"private","x-xss-protection":"0","x-frame-options":"SAMEORIGIN","x-content-type-options":"nosniff","server-timing":"gfet4t7; dur=562","alt-svc":"h3=\":443\"; ma=2592000,h3-29=\":443\"; ma=2592000,h3-Q050=\":443\"; ma=2592000,h3-Q046=\":443\"; ma=2592000,h3-Q043=\":443\"; ma=2592000,quic=\":443\"; ma=2592000; v=\"46,43\"","accept-ranges":"none","transfer-encoding":"chunked"}
[debug] [2022-01-07T19:03:43.921Z] > refreshing access token with scopes: []
[debug] [2022-01-07T19:03:43.921Z] >>> HTTP REQUEST POST https://www.googleapis.com/oauth2/v3/token  
 <request body omitted>
[debug] [2022-01-07T19:03:44.050Z] <<< HTTP RESPONSE 200 {"expires":"Mon, 01 Jan 1990 00:00:00 GMT","pragma":"no-cache","date":"Fri, 07 Jan 2022 19:03:41 GMT","cache-control":"no-cache, no-store, max-age=0, must-revalidate","content-type":"application/json; charset=utf-8","vary":"X-Origin, Referer, Origin,Accept-Encoding","server":"scaffolding on HTTPServer2","x-xss-protection":"0","x-frame-options":"SAMEORIGIN","x-content-type-options":"nosniff","alt-svc":"h3=\":443\"; ma=2592000,h3-29=\":443\"; ma=2592000,h3-Q050=\":443\"; ma=2592000,h3-Q046=\":443\"; ma=2592000,h3-Q043=\":443\"; ma=2592000,quic=\":443\"; ma=2592000; v=\"46,43\"","accept-ranges":"none","transfer-encoding":"chunked"}
[debug] [2022-01-07T19:03:44.076Z] >>> [apiv2][query] GET https://firebase.googleapis.com/v1beta1/projects/gls-conneqt-hey-beta-001 [none]
